Using pre-set license
Built from '2020.3/staging' branch; Version is '2020.3.5f1 (8095aa901b9b) revision 8426922'; Using compiler version '192528614'; Build Type 'Release'
OS: 'Windows 10 Home; OS build 19041.928; Version 2004; 64bit' Language: 'en' Physical Memory: 16309 MB
BatchMode: 1, IsHumanControllingUs: 0, StartBugReporterOnCrash: 0, Is64bit: 1, IsPro: 0

 COMMAND LINE ARGUMENTS:
C:\Program Files\Unity\Hub\Editor\2020.3.5f1\Editor\Unity.exe
-adb2
-batchMode
-noUpm
-name
AssetImportWorker0
-projectPath
C:/Users/mikew/Documents/GitHub/4610MazeProject/My Maze
-logFile
Logs/AssetImportWorker0.log
-srvPort
53913
Successfully changed project path to: C:/Users/mikew/Documents/GitHub/4610MazeProject/My Maze
C:/Users/mikew/Documents/GitHub/4610MazeProject/My Maze
Using Asset Import Pipeline V2.
Refreshing native plugins compatible for Editor in 47.62 ms, found 0 plugins.
Preloading 0 native plugins for Editor in 0.00 ms.
Initialize engine version: 2020.3.5f1 (8095aa901b9b)
[Subsystems] Discovering subsystems at path C:/Program Files/Unity/Hub/Editor/2020.3.5f1/Editor/Data/Resources/UnitySubsystems
[Subsystems] Discovering subsystems at path C:/Users/mikew/Documents/GitHub/4610MazeProject/My Maze/Assets
GfxDevice: creating device client; threaded=0
Direct3D:
    Version:  Direct3D 11.0 [level 11.1]
    Renderer: NVIDIA GeForce RTX 3060 Ti (ID=0x2486)
    Vendor:   
    VRAM:     8050 MB
    Driver:   27.21.14.6627
Initialize mono
Mono path[0] = 'C:/Program Files/Unity/Hub/Editor/2020.3.5f1/Editor/Data/Managed'
Mono path[1] = 'C:/Program Files/Unity/Hub/Editor/2020.3.5f1/Editor/Data/MonoBleedingEdge/lib/mono/unityjit'
Mono config path = 'C:/Program Files/Unity/Hub/Editor/2020.3.5f1/Editor/Data/MonoBleedingEdge/etc'
Using monoOptions --debugger-agent=transport=dt_socket,embedding=1,server=y,suspend=n,address=127.0.0.1:56052
Begin MonoManager ReloadAssembly
Registering precompiled unity dll's ...
Register platform support module: C:/Program Files/Unity/Hub/Editor/2020.3.5f1/Editor/Data/PlaybackEngines/WindowsStandaloneSupport/UnityEditor.WindowsStandalone.Extensions.dll
Registered in 0.002867 seconds.
Native extension for WindowsStandalone target not found
Refreshing native plugins compatible for Editor in 92.41 ms, found 0 plugins.
Preloading 0 native plugins for Editor in 0.00 ms.
Unable to find bridge dll in registry for Microsoft Visual Studio Tools for Unity for C:\Program Files (x86)\Microsoft Visual Studio\2019\Community\Common7\IDE\devenv.exe
Mono: successfully reloaded assembly
- Completed reload, in  1.717 seconds
Platform modules already initialized, skipping
Registering precompiled user dll's ...
Registered in 0.000926 seconds.
Begin MonoManager ReloadAssembly
Native extension for WindowsStandalone target not found
Refreshing native plugins compatible for Editor in 0.30 ms, found 0 plugins.
Preloading 0 native plugins for Editor in 0.00 ms.
Mono: successfully reloaded assembly
- Completed reload, in  1.301 seconds
Platform modules already initialized, skipping
========================================================================
Worker process is ready to serve import requests
Launched and connected shader compiler UnityShaderCompiler.exe after 0.06 seconds
Refreshing native plugins compatible for Editor in 0.30 ms, found 0 plugins.
Preloading 0 native plugins for Editor in 0.00 ms.
Unloading 1120 Unused Serialized files (Serialized files now loaded: 0)
System memory in use before: 79.2 MB.
System memory in use after: 79.3 MB.

Unloading 9 unused Assets to reduce memory usage. Loaded Objects now: 1601.
Total: 2.340600 ms (FindLiveObjects: 0.189200 ms CreateObjectMapping: 0.052200 ms MarkObjects: 1.973700 ms  DeleteObjects: 0.124000 ms)

========================================================================
Received Import Request.
  path: Assets/Scripts
  artifactKey: Guid(b0d0e9c8c765fae418adfb4326c33e02) Importer(815301076,1909f56bfc062723c751e8b465ee728b)
Start importing Assets/Scripts using Guid(b0d0e9c8c765fae418adfb4326c33e02) Importer(815301076,1909f56bfc062723c751e8b465ee728b)  -> (artifact id: '2896f61d096d019438f9de9405f00f88') in 0.010882 seconds
  Import took 0.013844 seconds .

========================================================================
Received Import Request.
  Time since last request: 5.234490 seconds.
  path: Assets/Scripts/GameVariables.cs
  artifactKey: Guid(6c0c3c2f30d7388468752b000b872dbf) Importer(815301076,1909f56bfc062723c751e8b465ee728b)
Start importing Assets/Scripts/GameVariables.cs using Guid(6c0c3c2f30d7388468752b000b872dbf) Importer(815301076,1909f56bfc062723c751e8b465ee728b)  -> (artifact id: 'b66908b45450f1b88d9310590a243f78') in 0.045977 seconds
  Import took 0.067956 seconds .

========================================================================
Received Import Request.
  Time since last request: 0.002619 seconds.
  path: Assets/Scripts/GameVariables.cs
  artifactKey: Guid(6c0c3c2f30d7388468752b000b872dbf) Importer(815301076,1909f56bfc062723c751e8b465ee728b)
Start importing Assets/Scripts/GameVariables.cs using Guid(6c0c3c2f30d7388468752b000b872dbf) Importer(815301076,1909f56bfc062723c751e8b465ee728b)  -> (artifact id: 'b66908b45450f1b88d9310590a243f78') in 0.006352 seconds
  Import took 0.010187 seconds .

========================================================================
Received Prepare
Registering precompiled user dll's ...
Registered in 0.000851 seconds.
Begin MonoManager ReloadAssembly
Native extension for WindowsStandalone target not found
Refreshing native plugins compatible for Editor in 0.32 ms, found 0 plugins.
Preloading 0 native plugins for Editor in 0.00 ms.
Mono: successfully reloaded assembly
- Completed reload, in  1.432 seconds
Platform modules already initialized, skipping
Refreshing native plugins compatible for Editor in 0.31 ms, found 0 plugins.
Preloading 0 native plugins for Editor in 0.00 ms.
Unloading 1116 Unused Serialized files (Serialized files now loaded: 0)
System memory in use before: 79.2 MB.
System memory in use after: 79.3 MB.

Unloading 5 unused Assets to reduce memory usage. Loaded Objects now: 1605.
Total: 3.020300 ms (FindLiveObjects: 0.258900 ms CreateObjectMapping: 0.045500 ms MarkObjects: 2.597200 ms  DeleteObjects: 0.116700 ms)

========================================================================
Received Import Request.
  Time since last request: 167.118497 seconds.
  path: Assets/Scripts/GameVariables.cs
  artifactKey: Guid(6c0c3c2f30d7388468752b000b872dbf) Importer(815301076,1909f56bfc062723c751e8b465ee728b)
Start importing Assets/Scripts/GameVariables.cs using Guid(6c0c3c2f30d7388468752b000b872dbf) Importer(815301076,1909f56bfc062723c751e8b465ee728b)  -> (artifact id: '53051355ec4395104b9076841b206f3a') in 0.008861 seconds
  Import took 0.013358 seconds .

========================================================================
Received Prepare
Registering precompiled user dll's ...
Registered in 0.000887 seconds.
Begin MonoManager ReloadAssembly
Native extension for WindowsStandalone target not found
Refreshing native plugins compatible for Editor in 0.30 ms, found 0 plugins.
Preloading 0 native plugins for Editor in 0.00 ms.
Mono: successfully reloaded assembly
- Completed reload, in  1.379 seconds
Platform modules already initialized, skipping
Refreshing native plugins compatible for Editor in 0.38 ms, found 0 plugins.
Preloading 0 native plugins for Editor in 0.00 ms.
Unloading 1116 Unused Serialized files (Serialized files now loaded: 0)
System memory in use before: 79.2 MB.
System memory in use after: 79.3 MB.

Unloading 5 unused Assets to reduce memory usage. Loaded Objects now: 1608.
Total: 2.530700 ms (FindLiveObjects: 0.209400 ms CreateObjectMapping: 0.044400 ms MarkObjects: 2.143900 ms  DeleteObjects: 0.131200 ms)

========================================================================
Received Import Request.
  Time since last request: 17.025375 seconds.
  path: Assets/Scripts/GameVariables.cs
  artifactKey: Guid(6c0c3c2f30d7388468752b000b872dbf) Importer(815301076,1909f56bfc062723c751e8b465ee728b)
Start importing Assets/Scripts/GameVariables.cs using Guid(6c0c3c2f30d7388468752b000b872dbf) Importer(815301076,1909f56bfc062723c751e8b465ee728b)  -> (artifact id: '51cafd474e820e1093c7d12083fab416') in 0.014926 seconds
  Import took 0.018634 seconds .

========================================================================
Received Prepare
Registering precompiled user dll's ...
Registered in 0.001122 seconds.
Begin MonoManager ReloadAssembly
Native extension for WindowsStandalone target not found
Refreshing native plugins compatible for Editor in 0.30 ms, found 0 plugins.
Preloading 0 native plugins for Editor in 0.00 ms.
Mono: successfully reloaded assembly
- Completed reload, in  1.263 seconds
Platform modules already initialized, skipping
Refreshing native plugins compatible for Editor in 0.37 ms, found 0 plugins.
Preloading 0 native plugins for Editor in 0.00 ms.
Unloading 1116 Unused Serialized files (Serialized files now loaded: 0)
System memory in use before: 79.3 MB.
System memory in use after: 79.3 MB.

Unloading 5 unused Assets to reduce memory usage. Loaded Objects now: 1611.
Total: 2.310700 ms (FindLiveObjects: 0.223300 ms CreateObjectMapping: 0.052000 ms MarkObjects: 1.931200 ms  DeleteObjects: 0.103000 ms)

========================================================================
Received Prepare
Registering precompiled user dll's ...
Registered in 0.000902 seconds.
Begin MonoManager ReloadAssembly
Native extension for WindowsStandalone target not found
Refreshing native plugins compatible for Editor in 0.31 ms, found 0 plugins.
Preloading 0 native plugins for Editor in 0.00 ms.
Mono: successfully reloaded assembly
- Completed reload, in  1.341 seconds
Platform modules already initialized, skipping
Refreshing native plugins compatible for Editor in 0.34 ms, found 0 plugins.
Preloading 0 native plugins for Editor in 0.00 ms.
Unloading 1116 Unused Serialized files (Serialized files now loaded: 0)
System memory in use before: 79.3 MB.
System memory in use after: 79.3 MB.

Unloading 5 unused Assets to reduce memory usage. Loaded Objects now: 1614.
Total: 2.601000 ms (FindLiveObjects: 0.289400 ms CreateObjectMapping: 0.060500 ms MarkObjects: 2.142800 ms  DeleteObjects: 0.106500 ms)

========================================================================
Received Prepare
Registering precompiled user dll's ...
Registered in 0.000993 seconds.
Begin MonoManager ReloadAssembly
Native extension for WindowsStandalone target not found
Refreshing native plugins compatible for Editor in 0.29 ms, found 0 plugins.
Preloading 0 native plugins for Editor in 0.00 ms.
Mono: successfully reloaded assembly
- Completed reload, in  1.343 seconds
Platform modules already initialized, skipping
Refreshing native plugins compatible for Editor in 0.40 ms, found 0 plugins.
Preloading 0 native plugins for Editor in 0.00 ms.
Unloading 1116 Unused Serialized files (Serialized files now loaded: 0)
System memory in use before: 79.3 MB.
System memory in use after: 79.3 MB.

Unloading 5 unused Assets to reduce memory usage. Loaded Objects now: 1617.
Total: 4.184700 ms (FindLiveObjects: 0.301800 ms CreateObjectMapping: 0.061300 ms MarkObjects: 3.704100 ms  DeleteObjects: 0.115400 ms)

========================================================================
Received Prepare
Registering precompiled user dll's ...
Registered in 0.001216 seconds.
Begin MonoManager ReloadAssembly
Native extension for WindowsStandalone target not found
Refreshing native plugins compatible for Editor in 0.39 ms, found 0 plugins.
Preloading 0 native plugins for Editor in 0.00 ms.
Mono: successfully reloaded assembly
- Completed reload, in  1.270 seconds
Platform modules already initialized, skipping
Refreshing native plugins compatible for Editor in 0.30 ms, found 0 plugins.
Preloading 0 native plugins for Editor in 0.00 ms.
Unloading 1116 Unused Serialized files (Serialized files now loaded: 0)
System memory in use before: 79.3 MB.
System memory in use after: 79.3 MB.

Unloading 5 unused Assets to reduce memory usage. Loaded Objects now: 1620.
Total: 3.481800 ms (FindLiveObjects: 0.425800 ms CreateObjectMapping: 0.125300 ms MarkObjects: 2.728100 ms  DeleteObjects: 0.200400 ms)

AssetImportWorkerClient::OnTransportError - code=2 error=End of file
