Using pre-set license
Built from '2020.3/staging' branch; Version is '2020.3.5f1 (8095aa901b9b) revision 8426922'; Using compiler version '192528614'; Build Type 'Release'
OS: 'Windows 10 Home; OS build 19042.928; Version 2009; 64bit' Language: 'en' Physical Memory: 16348 MB
BatchMode: 1, IsHumanControllingUs: 0, StartBugReporterOnCrash: 0, Is64bit: 1, IsPro: 0

 COMMAND LINE ARGUMENTS:
E:\Unity\2020.3.5f1\Editor\Unity.exe
-adb2
-batchMode
-noUpm
-name
AssetImportWorker0
-projectPath
C:/Users/Daniel/Desktop/Repositories/4610MazeProject/My Maze
-logFile
Logs/AssetImportWorker0.log
-srvPort
57757
Successfully changed project path to: C:/Users/Daniel/Desktop/Repositories/4610MazeProject/My Maze
C:/Users/Daniel/Desktop/Repositories/4610MazeProject/My Maze
Using Asset Import Pipeline V2.
Refreshing native plugins compatible for Editor in 20.52 ms, found 0 plugins.
Preloading 0 native plugins for Editor in 0.00 ms.
Initialize engine version: 2020.3.5f1 (8095aa901b9b)
[Subsystems] Discovering subsystems at path E:/Unity/2020.3.5f1/Editor/Data/Resources/UnitySubsystems
[Subsystems] Discovering subsystems at path C:/Users/Daniel/Desktop/Repositories/4610MazeProject/My Maze/Assets
GfxDevice: creating device client; threaded=0
Direct3D:
    Version:  Direct3D 11.0 [level 11.1]
    Renderer: NVIDIA GeForce GTX 1070 (ID=0x1b81)
    Vendor:   
    VRAM:     8088 MB
    Driver:   27.21.14.6627
Initialize mono
Mono path[0] = 'E:/Unity/2020.3.5f1/Editor/Data/Managed'
Mono path[1] = 'E:/Unity/2020.3.5f1/Editor/Data/MonoBleedingEdge/lib/mono/unityjit'
Mono config path = 'E:/Unity/2020.3.5f1/Editor/Data/MonoBleedingEdge/etc'
Using monoOptions --debugger-agent=transport=dt_socket,embedding=1,server=y,suspend=n,address=127.0.0.1:56820
Begin MonoManager ReloadAssembly
Registering precompiled unity dll's ...
Register platform support module: E:/Unity/2020.3.5f1/Editor/Data/PlaybackEngines/WebGLSupport/UnityEditor.WebGL.Extensions.dll
Register platform support module: E:/Unity/2020.3.5f1/Editor/Data/PlaybackEngines/WindowsStandaloneSupport/UnityEditor.WindowsStandalone.Extensions.dll
Registered in 0.001304 seconds.
Native extension for WindowsStandalone target not found
Native extension for WebGL target not found
Refreshing native plugins compatible for Editor in 21.66 ms, found 0 plugins.
Preloading 0 native plugins for Editor in 0.00 ms.
Mono: successfully reloaded assembly
- Completed reload, in  1.126 seconds
Platform modules already initialized, skipping
Registering precompiled user dll's ...
Registered in 0.000608 seconds.
Begin MonoManager ReloadAssembly
Native extension for WindowsStandalone target not found
Native extension for WebGL target not found
Refreshing native plugins compatible for Editor in 0.17 ms, found 0 plugins.
Preloading 0 native plugins for Editor in 0.00 ms.
Mono: successfully reloaded assembly
- Completed reload, in  0.728 seconds
Platform modules already initialized, skipping
========================================================================
Worker process is ready to serve import requests
Launched and connected shader compiler UnityShaderCompiler.exe after 0.05 seconds
Refreshing native plugins compatible for Editor in 0.17 ms, found 0 plugins.
Preloading 0 native plugins for Editor in 0.00 ms.
Unloading 1120 Unused Serialized files (Serialized files now loaded: 0)
System memory in use before: 79.5 MB.
System memory in use after: 79.5 MB.

Unloading 9 unused Assets to reduce memory usage. Loaded Objects now: 1602.
Total: 1.821800 ms (FindLiveObjects: 0.153100 ms CreateObjectMapping: 0.038400 ms MarkObjects: 1.538400 ms  DeleteObjects: 0.090500 ms)

========================================================================
Received Import Request.
  path: Assets/ADG_Textures/walls_vol1/wall01/wall01_Ambient_Occlusion.tga
  artifactKey: Guid(02688a2935cdc6c46958f875a1fd75ff) Importer(815301076,1909f56bfc062723c751e8b465ee728b)
Start importing Assets/ADG_Textures/walls_vol1/wall01/wall01_Ambient_Occlusion.tga using Guid(02688a2935cdc6c46958f875a1fd75ff) Importer(815301076,1909f56bfc062723c751e8b465ee728b)  -> (artifact id: 'cd800bc773fa8ea2c6c7da5b0012ec08') in 0.077475 seconds
  Import took 0.079354 seconds .

========================================================================
Received Import Request.
  Time since last request: 0.000227 seconds.
  path: Assets/ADG_Textures/walls_vol1/wall01/wall01_Diffuse.tga
  artifactKey: Guid(9ca825f719c0b9743a8ab7e7f3adb42c) Importer(815301076,1909f56bfc062723c751e8b465ee728b)
Start importing Assets/ADG_Textures/walls_vol1/wall01/wall01_Diffuse.tga using Guid(9ca825f719c0b9743a8ab7e7f3adb42c) Importer(815301076,1909f56bfc062723c751e8b465ee728b)  -> (artifact id: '21750d545106d6df0a4df8ccda59bf08') in 0.019538 seconds
  Import took 0.021749 seconds .

========================================================================
Received Import Request.
  Time since last request: 0.000294 seconds.
  path: Assets/ADG_Textures/walls_vol1/wall01/wall01_Height.tga
  artifactKey: Guid(d6ff921a849e33a4a926225c2e5b650a) Importer(815301076,1909f56bfc062723c751e8b465ee728b)
Start importing Assets/ADG_Textures/walls_vol1/wall01/wall01_Height.tga using Guid(d6ff921a849e33a4a926225c2e5b650a) Importer(815301076,1909f56bfc062723c751e8b465ee728b)  -> (artifact id: '0738b7c8712320009acf592bd91aef90') in 0.021032 seconds
  Import took 0.022825 seconds .

========================================================================
Received Prepare
Registering precompiled user dll's ...
Registered in 0.000617 seconds.
Begin MonoManager ReloadAssembly
Native extension for WindowsStandalone target not found
Native extension for WebGL target not found
Refreshing native plugins compatible for Editor in 0.17 ms, found 0 plugins.
Preloading 0 native plugins for Editor in 0.00 ms.
Mono: successfully reloaded assembly
- Completed reload, in  0.725 seconds
Platform modules already initialized, skipping
Refreshing native plugins compatible for Editor in 0.20 ms, found 0 plugins.
Preloading 0 native plugins for Editor in 0.00 ms.
Unloading 1115 Unused Serialized files (Serialized files now loaded: 0)
System memory in use before: 79.5 MB.
System memory in use after: 79.5 MB.

Unloading 5 unused Assets to reduce memory usage. Loaded Objects now: 1607.
Total: 1.351200 ms (FindLiveObjects: 0.116600 ms CreateObjectMapping: 0.033400 ms MarkObjects: 1.139600 ms  DeleteObjects: 0.060700 ms)

========================================================================
Received Import Request.
  Time since last request: 241.750312 seconds.
  path: Assets/ADG_Textures/walls_vol1/wall01
  artifactKey: Guid(8116826c657ad734b841dc3d9a3d35f2) Importer(815301076,1909f56bfc062723c751e8b465ee728b)
Start importing Assets/ADG_Textures/walls_vol1/wall01 using Guid(8116826c657ad734b841dc3d9a3d35f2) Importer(815301076,1909f56bfc062723c751e8b465ee728b)  -> (artifact id: '4816f6032e7398e46b5bc5fe555029d9') in 0.011933 seconds
  Import took 0.014066 seconds .

========================================================================
Received Import Request.
  Time since last request: 18.425619 seconds.
  path: Assets/ADG_Textures/walls_vol1/wall01/wall01_Metallic.tga
  artifactKey: Guid(fa49c1e9476a76541b604e2c0bb13a89) Importer(815301076,1909f56bfc062723c751e8b465ee728b)
Start importing Assets/ADG_Textures/walls_vol1/wall01/wall01_Metallic.tga using Guid(fa49c1e9476a76541b604e2c0bb13a89) Importer(815301076,1909f56bfc062723c751e8b465ee728b)  -> (artifact id: '39865d8ca36967cc0677d58e6b895691') in 0.035614 seconds
  Import took 0.037310 seconds .

========================================================================
Received Import Request.
  Time since last request: 0.428161 seconds.
  path: Assets/ADG_Textures/walls_vol1/wall01/wall01_Normal.tga
  artifactKey: Guid(b9bb0b2f50a46374f89e3649b7f65f63) Importer(815301076,1909f56bfc062723c751e8b465ee728b)
Start importing Assets/ADG_Textures/walls_vol1/wall01/wall01_Normal.tga using Guid(b9bb0b2f50a46374f89e3649b7f65f63) Importer(815301076,1909f56bfc062723c751e8b465ee728b)  -> (artifact id: '945e27a58b9726e83a8e940f3bd8b099') in 0.057917 seconds
  Import took 0.059693 seconds .

========================================================================
Received Import Request.
  Time since last request: 17.237476 seconds.
  path: Assets/ADG_Textures/walls_vol1/wall08/wall08.mat
  artifactKey: Guid(48957feba398b3146bb5b1493df5403e) Importer(815301076,1909f56bfc062723c751e8b465ee728b)
Start importing Assets/ADG_Textures/walls_vol1/wall08/wall08.mat using Guid(48957feba398b3146bb5b1493df5403e) Importer(815301076,1909f56bfc062723c751e8b465ee728b)  -> (artifact id: '0e42b1ceec3e31b316c274cd8a1e280e') in 0.068326 seconds
  Import took 0.070331 seconds .

========================================================================
Received Import Request.
  Time since last request: 0.000125 seconds.
  path: Assets/ADG_Textures/walls_vol1/wall13/wall13.mat
  artifactKey: Guid(d40e29484caa88c4891e1e09bf80ad8c) Importer(815301076,1909f56bfc062723c751e8b465ee728b)
Start importing Assets/ADG_Textures/walls_vol1/wall13/wall13.mat using Guid(d40e29484caa88c4891e1e09bf80ad8c) Importer(815301076,1909f56bfc062723c751e8b465ee728b)  -> (artifact id: '753539663d77c03ce6129cc0ddfbe736') in 0.035400 seconds
  Import took 0.037041 seconds .

========================================================================
Received Import Request.
  Time since last request: 0.000149 seconds.
  path: Assets/ADG_Textures/walls_vol1/wall16/wall16b.mat
  artifactKey: Guid(eee383f5d326d114ba8c84092c6642f8) Importer(815301076,1909f56bfc062723c751e8b465ee728b)
Start importing Assets/ADG_Textures/walls_vol1/wall16/wall16b.mat using Guid(eee383f5d326d114ba8c84092c6642f8) Importer(815301076,1909f56bfc062723c751e8b465ee728b)  -> (artifact id: '783c26b9b779caecf096155b13a84401') in 0.129189 seconds
  Import took 0.131152 seconds .

========================================================================
Received Import Request.
  Time since last request: 0.000148 seconds.
  path: Assets/ADG_Textures/walls_vol1/wall08/wall08.mat
  artifactKey: Guid(48957feba398b3146bb5b1493df5403e) Importer(815301076,1909f56bfc062723c751e8b465ee728b)
Start importing Assets/ADG_Textures/walls_vol1/wall08/wall08.mat using Guid(48957feba398b3146bb5b1493df5403e) Importer(815301076,1909f56bfc062723c751e8b465ee728b)  -> (artifact id: '0e42b1ceec3e31b316c274cd8a1e280e') in 0.013074 seconds
  Import took 0.014737 seconds .

========================================================================
Received Import Request.
  Time since last request: 0.000136 seconds.
  path: Assets/ADG_Textures/walls_vol1/wall10/wall10.mat
  artifactKey: Guid(ce2bc60dd9a7e964daaaff36d79fbfdf) Importer(815301076,1909f56bfc062723c751e8b465ee728b)
Start importing Assets/ADG_Textures/walls_vol1/wall10/wall10.mat using Guid(ce2bc60dd9a7e964daaaff36d79fbfdf) Importer(815301076,1909f56bfc062723c751e8b465ee728b)  -> (artifact id: '16dab9a6e0137fbdce667340fafdefeb') in 0.012949 seconds
  Import took 0.014730 seconds .

========================================================================
Received Import Request.
  Time since last request: 0.000155 seconds.
  path: Assets/ADG_Textures/walls_vol1/wall10/wall10b.mat
  artifactKey: Guid(8f3025aad64a437429f723e6fc4f95da) Importer(815301076,1909f56bfc062723c751e8b465ee728b)
Start importing Assets/ADG_Textures/walls_vol1/wall10/wall10b.mat using Guid(8f3025aad64a437429f723e6fc4f95da) Importer(815301076,1909f56bfc062723c751e8b465ee728b)  -> (artifact id: '49140f5757ba7dbe297000103fe1e444') in 0.014667 seconds
  Import took 0.016668 seconds .

========================================================================
Received Import Request.
  Time since last request: 0.000157 seconds.
  path: Assets/ADG_Textures/walls_vol1/wall14/wall14b.mat
  artifactKey: Guid(fb1e5269d9736634e8a69a31ce68d33a) Importer(815301076,1909f56bfc062723c751e8b465ee728b)
Start importing Assets/ADG_Textures/walls_vol1/wall14/wall14b.mat using Guid(fb1e5269d9736634e8a69a31ce68d33a) Importer(815301076,1909f56bfc062723c751e8b465ee728b)  -> (artifact id: '9a8d951ef844b9e75a05ee02f14553d8') in 0.026362 seconds
  Import took 0.028861 seconds .

========================================================================
Received Import Request.
  Time since last request: 0.000344 seconds.
  path: Assets/ADG_Textures/walls_vol1/wall13/wall13b.mat
  artifactKey: Guid(eff8590084661c94cb5fc27484f7630f) Importer(815301076,1909f56bfc062723c751e8b465ee728b)
Start importing Assets/ADG_Textures/walls_vol1/wall13/wall13b.mat using Guid(eff8590084661c94cb5fc27484f7630f) Importer(815301076,1909f56bfc062723c751e8b465ee728b)  -> (artifact id: '95de107a436ba422d6c7cc2b32833493') in 0.015892 seconds
  Import took 0.036981 seconds .

========================================================================
Received Import Request.
  Time since last request: 0.000044 seconds.
  path: Assets/ADG_Textures/walls_vol1/wall15/wall15b.mat
  artifactKey: Guid(b64f712a7e888764cbee13b7c9f68cf3) Importer(815301076,1909f56bfc062723c751e8b465ee728b)
Start importing Assets/ADG_Textures/walls_vol1/wall15/wall15b.mat using Guid(b64f712a7e888764cbee13b7c9f68cf3) Importer(815301076,1909f56bfc062723c751e8b465ee728b)  -> (artifact id: 'cfe70d3c957f6ddba3852a795ec38117') in 0.034673 seconds
  Import took 0.036415 seconds .

========================================================================
Received Import Request.
  Time since last request: 0.000140 seconds.
  path: Assets/ADG_Textures/walls_vol1/wall11/wall11.mat
  artifactKey: Guid(ad85a24c76e86cc45bd1040a4d583d90) Importer(815301076,1909f56bfc062723c751e8b465ee728b)
Start importing Assets/ADG_Textures/walls_vol1/wall11/wall11.mat using Guid(ad85a24c76e86cc45bd1040a4d583d90) Importer(815301076,1909f56bfc062723c751e8b465ee728b)  -> (artifact id: 'c54f553e323328825964aca7283ea5f0') in 0.012807 seconds
  Import took 0.014269 seconds .

========================================================================
Received Import Request.
  Time since last request: 0.000134 seconds.
  path: Assets/ADG_Textures/walls_vol1/wall09/wall09.mat
  artifactKey: Guid(1e23b2d236a58f040968acd05c361bce) Importer(815301076,1909f56bfc062723c751e8b465ee728b)
Start importing Assets/ADG_Textures/walls_vol1/wall09/wall09.mat using Guid(1e23b2d236a58f040968acd05c361bce) Importer(815301076,1909f56bfc062723c751e8b465ee728b)  -> (artifact id: '878928943772a887d607c1737d5d11b2') in 0.012630 seconds
  Import took 0.014143 seconds .

========================================================================
Received Import Request.
  Time since last request: 0.000140 seconds.
  path: Assets/ADG_Textures/walls_vol1/wall11/wall11b.mat
  artifactKey: Guid(b2394c0eb4527fe489f9cf53d290baeb) Importer(815301076,1909f56bfc062723c751e8b465ee728b)
Start importing Assets/ADG_Textures/walls_vol1/wall11/wall11b.mat using Guid(b2394c0eb4527fe489f9cf53d290baeb) Importer(815301076,1909f56bfc062723c751e8b465ee728b)  -> (artifact id: '1860874be3a0720be86d5bb7301cdff6') in 0.013738 seconds
  Import took 0.015718 seconds .

========================================================================
Received Import Request.
  Time since last request: 0.000138 seconds.
  path: Assets/ADG_Textures/walls_vol1/wall08/wall08b.mat
  artifactKey: Guid(3302d8980be2b5742b574a2509d9e6b7) Importer(815301076,1909f56bfc062723c751e8b465ee728b)
Start importing Assets/ADG_Textures/walls_vol1/wall08/wall08b.mat using Guid(3302d8980be2b5742b574a2509d9e6b7) Importer(815301076,1909f56bfc062723c751e8b465ee728b)  -> (artifact id: 'cdcd5967acbff331098f0784b8995b74') in 0.014952 seconds
  Import took 0.016632 seconds .

========================================================================
Received Import Request.
  Time since last request: 0.000142 seconds.
  path: Assets/ADG_Textures/walls_vol1/wall12/wall12b.mat
  artifactKey: Guid(40d59d21d94966945a48585c0be381b3) Importer(815301076,1909f56bfc062723c751e8b465ee728b)
Start importing Assets/ADG_Textures/walls_vol1/wall12/wall12b.mat using Guid(40d59d21d94966945a48585c0be381b3) Importer(815301076,1909f56bfc062723c751e8b465ee728b)  -> (artifact id: '04eb4a205513152fceb40a265abd8ae1') in 0.017053 seconds
  Import took 0.018696 seconds .

========================================================================
Received Import Request.
  Time since last request: 0.000146 seconds.
  path: Assets/ADG_Textures/walls_vol1/wall09/wall09b.mat
  artifactKey: Guid(59cf63250acfc334288c35253c616d40) Importer(815301076,1909f56bfc062723c751e8b465ee728b)
Start importing Assets/ADG_Textures/walls_vol1/wall09/wall09b.mat using Guid(59cf63250acfc334288c35253c616d40) Importer(815301076,1909f56bfc062723c751e8b465ee728b)  -> (artifact id: '49bfff1d48805cb5180a0a46a4fc1644') in 0.014575 seconds
  Import took 0.016170 seconds .

========================================================================
Received Import Request.
  Time since last request: 0.000142 seconds.
  path: Assets/ADG_Textures/walls_vol1/wall15/wall15.mat
  artifactKey: Guid(29f48cc2a8ed8f448a8579bc2c980c38) Importer(815301076,1909f56bfc062723c751e8b465ee728b)
Start importing Assets/ADG_Textures/walls_vol1/wall15/wall15.mat using Guid(29f48cc2a8ed8f448a8579bc2c980c38) Importer(815301076,1909f56bfc062723c751e8b465ee728b)  -> (artifact id: 'ba4026ee25297c5399d1aace38bac975') in 0.015402 seconds
  Import took 0.017277 seconds .

========================================================================
Received Import Request.
  Time since last request: 0.000155 seconds.
  path: Assets/ADG_Textures/walls_vol1/wall17/wall17.mat
  artifactKey: Guid(101773f6372afc54b82c2867326d2bbe) Importer(815301076,1909f56bfc062723c751e8b465ee728b)
Start importing Assets/ADG_Textures/walls_vol1/wall17/wall17.mat using Guid(101773f6372afc54b82c2867326d2bbe) Importer(815301076,1909f56bfc062723c751e8b465ee728b)  -> (artifact id: '34109b347e9f11be576722a900ca91c6') in 0.018115 seconds
  Import took 0.019787 seconds .

========================================================================
Received Import Request.
  Time since last request: 0.000147 seconds.
  path: Assets/ADG_Textures/walls_vol1/wall16/wall16.mat
  artifactKey: Guid(92f575e356de5d64e9346ceddb75dee5) Importer(815301076,1909f56bfc062723c751e8b465ee728b)
Start importing Assets/ADG_Textures/walls_vol1/wall16/wall16.mat using Guid(92f575e356de5d64e9346ceddb75dee5) Importer(815301076,1909f56bfc062723c751e8b465ee728b)  -> (artifact id: '49163d402396cfb2ecd022fc25b9b9f5') in 0.016191 seconds
  Import took 0.017925 seconds .

========================================================================
Received Import Request.
  Time since last request: 0.000151 seconds.
  path: Assets/ADG_Textures/walls_vol1/wall14/wall14.mat
  artifactKey: Guid(ffca86f74f18233469ebfedb1b9fc434) Importer(815301076,1909f56bfc062723c751e8b465ee728b)
Start importing Assets/ADG_Textures/walls_vol1/wall14/wall14.mat using Guid(ffca86f74f18233469ebfedb1b9fc434) Importer(815301076,1909f56bfc062723c751e8b465ee728b)  -> (artifact id: 'a9a23ba49c77c7e377c5a3d2c639293d') in 0.016379 seconds
  Import took 0.018295 seconds .

========================================================================
Received Import Request.
  Time since last request: 0.644755 seconds.
  path: Assets/ADG_Textures/walls_vol1/wall06/wall06b.mat
  artifactKey: Guid(6077e4f498f74ac48ad21c2bead7fd35) Importer(815301076,1909f56bfc062723c751e8b465ee728b)
Start importing Assets/ADG_Textures/walls_vol1/wall06/wall06b.mat using Guid(6077e4f498f74ac48ad21c2bead7fd35) Importer(815301076,1909f56bfc062723c751e8b465ee728b)  -> (artifact id: 'aa4c2f06b842debde0d11cb5f83dfc8f') in 0.025556 seconds
  Import took 0.031939 seconds .

========================================================================
Received Import Request.
  Time since last request: 0.000171 seconds.
  path: Assets/ADG_Textures/walls_vol1/wall05/wall05.mat
  artifactKey: Guid(baf8ceb37ffecbd42a924d001e01127c) Importer(815301076,1909f56bfc062723c751e8b465ee728b)
Start importing Assets/ADG_Textures/walls_vol1/wall05/wall05.mat using Guid(baf8ceb37ffecbd42a924d001e01127c) Importer(815301076,1909f56bfc062723c751e8b465ee728b)  -> (artifact id: '9f488bf4f878d9b04b106419ed746950') in 0.014297 seconds
  Import took 0.015862 seconds .

========================================================================
Received Import Request.
  Time since last request: 0.000162 seconds.
  path: Assets/ADG_Textures/walls_vol1/wall07/wall07.mat
  artifactKey: Guid(b2aa31d8fe3745747a4b0fd95bfaf2c4) Importer(815301076,1909f56bfc062723c751e8b465ee728b)
Start importing Assets/ADG_Textures/walls_vol1/wall07/wall07.mat using Guid(b2aa31d8fe3745747a4b0fd95bfaf2c4) Importer(815301076,1909f56bfc062723c751e8b465ee728b)  -> (artifact id: '9158bcd5c4ded116c563f89edab23b78') in 0.014587 seconds
  Import took 0.016548 seconds .

========================================================================
Received Import Request.
  Time since last request: 0.000137 seconds.
  path: Assets/ADG_Textures/walls_vol1/wall06/wall06.mat
  artifactKey: Guid(ab68e0201be44534493089b3dd1e4050) Importer(815301076,1909f56bfc062723c751e8b465ee728b)
Start importing Assets/ADG_Textures/walls_vol1/wall06/wall06.mat using Guid(ab68e0201be44534493089b3dd1e4050) Importer(815301076,1909f56bfc062723c751e8b465ee728b)  -> (artifact id: 'dde587269afe4fbed75920807d49af7b') in 0.012881 seconds
  Import took 0.015194 seconds .

========================================================================
Received Import Request.
  Time since last request: 0.000168 seconds.
  path: Assets/ADG_Textures/walls_vol1/wall05/wall05b.mat
  artifactKey: Guid(5117b973a70f9744f946b055b48d006f) Importer(815301076,1909f56bfc062723c751e8b465ee728b)
Start importing Assets/ADG_Textures/walls_vol1/wall05/wall05b.mat using Guid(5117b973a70f9744f946b055b48d006f) Importer(815301076,1909f56bfc062723c751e8b465ee728b)  -> (artifact id: '56921c4fac86d7dc06b6d2eb66dc1a87') in 0.013974 seconds
  Import took 0.015629 seconds .

========================================================================
Received Import Request.
  Time since last request: 0.000143 seconds.
  path: Assets/ADG_Textures/walls_vol1/wall07/wall07b.mat
  artifactKey: Guid(d3b1829a6d5883c40bc3bbce8b2ba6ed) Importer(815301076,1909f56bfc062723c751e8b465ee728b)
Start importing Assets/ADG_Textures/walls_vol1/wall07/wall07b.mat using Guid(d3b1829a6d5883c40bc3bbce8b2ba6ed) Importer(815301076,1909f56bfc062723c751e8b465ee728b)  -> (artifact id: 'ce5c49eaf280940a674e7bf1e146737d') in 0.014007 seconds
  Import took 0.015517 seconds .

========================================================================
Received Import Request.
  Time since last request: 0.020061 seconds.
  path: Assets/ADG_Textures/walls_vol1/wall03/wall03b.mat
  artifactKey: Guid(ebd6a75b223a0964489f78e97159aa88) Importer(815301076,1909f56bfc062723c751e8b465ee728b)
Start importing Assets/ADG_Textures/walls_vol1/wall03/wall03b.mat using Guid(ebd6a75b223a0964489f78e97159aa88) Importer(815301076,1909f56bfc062723c751e8b465ee728b)  -> (artifact id: 'ee42a71f6b8825e335d5a6cd7c47ac6a') in 0.015588 seconds
  Import took 0.017469 seconds .

========================================================================
Received Import Request.
  Time since last request: 0.000217 seconds.
  path: Assets/ADG_Textures/walls_vol1/wall04/wall04b.mat
  artifactKey: Guid(f1a8571c3ef3f4d46bbdfb8b2ecdec74) Importer(815301076,1909f56bfc062723c751e8b465ee728b)
Start importing Assets/ADG_Textures/walls_vol1/wall04/wall04b.mat using Guid(f1a8571c3ef3f4d46bbdfb8b2ecdec74) Importer(815301076,1909f56bfc062723c751e8b465ee728b)  -> (artifact id: '5ce136128530704f6500fee191e56a53') in 0.014102 seconds
  Import took 0.016431 seconds .

========================================================================
Received Import Request.
  Time since last request: 0.000146 seconds.
  path: Assets/ADG_Textures/walls_vol1/wall04/wall04.mat
  artifactKey: Guid(b7efee39c51e1c94f9e535a8e6edb43b) Importer(815301076,1909f56bfc062723c751e8b465ee728b)
Start importing Assets/ADG_Textures/walls_vol1/wall04/wall04.mat using Guid(b7efee39c51e1c94f9e535a8e6edb43b) Importer(815301076,1909f56bfc062723c751e8b465ee728b)  -> (artifact id: '2fc127255a4dc0039fa420ddaf2d9d17') in 0.014147 seconds
  Import took 0.015913 seconds .

========================================================================
Received Import Request.
  Time since last request: 0.035168 seconds.
  path: Assets/ADG_Textures/walls_vol1/wall03/wall03.mat
  artifactKey: Guid(a6fa5bd2d2af7664685ca22809135b94) Importer(815301076,1909f56bfc062723c751e8b465ee728b)
Start importing Assets/ADG_Textures/walls_vol1/wall03/wall03.mat using Guid(a6fa5bd2d2af7664685ca22809135b94) Importer(815301076,1909f56bfc062723c751e8b465ee728b)  -> (artifact id: 'b97d6aaabd757a42ad2bfcb83d543f42') in 0.015369 seconds
  Import took 0.017316 seconds .

========================================================================
Received Import Request.
  Time since last request: 0.224937 seconds.
  path: Assets/Material/Wall Texture.mat
  artifactKey: Guid(8520b793e5553d241a9461e45486292f) Importer(815301076,1909f56bfc062723c751e8b465ee728b)
Start importing Assets/Material/Wall Texture.mat using Guid(8520b793e5553d241a9461e45486292f) Importer(815301076,1909f56bfc062723c751e8b465ee728b)  -> (artifact id: 'caf198387f880d55c6f109a260ed07dd') in 0.022153 seconds
  Import took 0.025170 seconds .

========================================================================
Received Import Request.
  Time since last request: 0.000233 seconds.
  path: Assets/Material/Block.mat
  artifactKey: Guid(87f9258012d28554da82626ec9899d33) Importer(815301076,1909f56bfc062723c751e8b465ee728b)
Start importing Assets/Material/Block.mat using Guid(87f9258012d28554da82626ec9899d33) Importer(815301076,1909f56bfc062723c751e8b465ee728b)  -> (artifact id: 'd4f8652d0e34d592f2a7486c6f4e1a10') in 0.015923 seconds
  Import took 0.017989 seconds .

========================================================================
Received Import Request.
  Time since last request: 0.000177 seconds.
  path: Assets/Animations/Materials/Ch36_1001_Diffuse.mat
  artifactKey: Guid(1ffa0873bf46cc548a203c5796951fba) Importer(815301076,1909f56bfc062723c751e8b465ee728b)
Start importing Assets/Animations/Materials/Ch36_1001_Diffuse.mat using Guid(1ffa0873bf46cc548a203c5796951fba) Importer(815301076,1909f56bfc062723c751e8b465ee728b)  -> (artifact id: '4f71990c0a49543124ad35bcd8e14a6c') in 0.018536 seconds
  Import took 0.020510 seconds .

========================================================================
Received Import Request.
  Time since last request: 3.970309 seconds.
  path: Assets/ADG_Textures/walls_vol1/wall17/wall17b.mat
  artifactKey: Guid(ffc42774be58d5a4dbaee5ba99bec642) Importer(815301076,1909f56bfc062723c751e8b465ee728b)
Start importing Assets/ADG_Textures/walls_vol1/wall17/wall17b.mat using Guid(ffc42774be58d5a4dbaee5ba99bec642) Importer(815301076,1909f56bfc062723c751e8b465ee728b)  -> (artifact id: '986b7fb18dc517f204d5056407f82a63') in 0.024787 seconds
  Import took 0.027435 seconds .

========================================================================
Received Import Request.
  Time since last request: 0.000228 seconds.
  path: Assets/ADG_Textures/walls_vol1/wall18/wall18.mat
  artifactKey: Guid(2e396b6df87a3c94e8e20e922295ec69) Importer(815301076,1909f56bfc062723c751e8b465ee728b)
Start importing Assets/ADG_Textures/walls_vol1/wall18/wall18.mat using Guid(2e396b6df87a3c94e8e20e922295ec69) Importer(815301076,1909f56bfc062723c751e8b465ee728b)  -> (artifact id: 'fe56f3ee19af93b5883841fc62dbc45f') in 0.019008 seconds
  Import took 0.020939 seconds .

========================================================================
Received Import Request.
  Time since last request: 0.000152 seconds.
  path: Assets/ADG_Textures/walls_vol1/wall18/wall18b.mat
  artifactKey: Guid(89665d51fb7112a4fb72e949a593635f) Importer(815301076,1909f56bfc062723c751e8b465ee728b)
Start importing Assets/ADG_Textures/walls_vol1/wall18/wall18b.mat using Guid(89665d51fb7112a4fb72e949a593635f) Importer(815301076,1909f56bfc062723c751e8b465ee728b)  -> (artifact id: '171747a9f7ca8ea21658a98da1d0321d') in 0.018607 seconds
  Import took 0.020848 seconds .

========================================================================
Received Import Request.
  Time since last request: 24.747111 seconds.
  path: Assets/ADG_Textures/walls_vol1/wall12
  artifactKey: Guid(fa32254bfc3e37f4784fcb9ba4125744) Importer(815301076,1909f56bfc062723c751e8b465ee728b)
Start importing Assets/ADG_Textures/walls_vol1/wall12 using Guid(fa32254bfc3e37f4784fcb9ba4125744) Importer(815301076,1909f56bfc062723c751e8b465ee728b)  -> (artifact id: 'f82372b21e2f63fc8e598824d9189f2a') in 0.007951 seconds
  Import took 0.012742 seconds .

========================================================================
Received Import Request.
  Time since last request: 28.845425 seconds.
  path: Assets/Prefabs/Floor.prefab
  artifactKey: Guid(732032b39a30ba748bb2874dada35f19) Importer(815301076,1909f56bfc062723c751e8b465ee728b)
Start importing Assets/Prefabs/Floor.prefab using Guid(732032b39a30ba748bb2874dada35f19) Importer(815301076,1909f56bfc062723c751e8b465ee728b)  -> (artifact id: 'cf3f8cae4d6e0922cb79c841b09e2426') in 0.039331 seconds
  Import took 0.041011 seconds .

========================================================================
Received Import Request.
  Time since last request: 0.012449 seconds.
  path: Assets/Prefabs/Floor.prefab
  artifactKey: Guid(732032b39a30ba748bb2874dada35f19) Importer(815301076,1909f56bfc062723c751e8b465ee728b)
Start importing Assets/Prefabs/Floor.prefab using Guid(732032b39a30ba748bb2874dada35f19) Importer(815301076,1909f56bfc062723c751e8b465ee728b)  -> (artifact id: 'cf3f8cae4d6e0922cb79c841b09e2426') in 0.007886 seconds
  Import took 0.009738 seconds .

========================================================================
Received Prepare
Registering precompiled user dll's ...
Registered in 0.000616 seconds.
Begin MonoManager ReloadAssembly
Native extension for WindowsStandalone target not found
Native extension for WebGL target not found
Refreshing native plugins compatible for Editor in 0.20 ms, found 0 plugins.
Preloading 0 native plugins for Editor in 0.00 ms.
Mono: successfully reloaded assembly
- Completed reload, in  0.683 seconds
Platform modules already initialized, skipping
Refreshing native plugins compatible for Editor in 0.18 ms, found 0 plugins.
Preloading 0 native plugins for Editor in 0.00 ms.
Unloading 1115 Unused Serialized files (Serialized files now loaded: 0)
System memory in use before: 82.9 MB.
System memory in use after: 83.0 MB.

Unloading 6 unused Assets to reduce memory usage. Loaded Objects now: 1652.
Total: 1.388700 ms (FindLiveObjects: 0.105600 ms CreateObjectMapping: 0.025400 ms MarkObjects: 1.191400 ms  DeleteObjects: 0.065200 ms)

========================================================================
Received Import Request.
  Time since last request: 10.830642 seconds.
  path: Assets/Prefabs/Floor.prefab
  artifactKey: Guid(732032b39a30ba748bb2874dada35f19) Importer(815301076,1909f56bfc062723c751e8b465ee728b)
Start importing Assets/Prefabs/Floor.prefab using Guid(732032b39a30ba748bb2874dada35f19) Importer(815301076,1909f56bfc062723c751e8b465ee728b)  -> (artifact id: '7304bbdbbb735efad3442437e59f7564') in 0.050797 seconds
  Import took 0.052388 seconds .

========================================================================
Received Prepare
Registering precompiled user dll's ...
Registered in 0.000686 seconds.
Begin MonoManager ReloadAssembly
Native extension for WindowsStandalone target not found
Native extension for WebGL target not found
Refreshing native plugins compatible for Editor in 0.18 ms, found 0 plugins.
Preloading 0 native plugins for Editor in 0.00 ms.
Mono: successfully reloaded assembly
- Completed reload, in  0.620 seconds
Platform modules already initialized, skipping
Refreshing native plugins compatible for Editor in 0.18 ms, found 0 plugins.
Preloading 0 native plugins for Editor in 0.00 ms.
Unloading 1115 Unused Serialized files (Serialized files now loaded: 0)
System memory in use before: 82.9 MB.
System memory in use after: 83.0 MB.

Unloading 5 unused Assets to reduce memory usage. Loaded Objects now: 1656.
Total: 1.272200 ms (FindLiveObjects: 0.110500 ms CreateObjectMapping: 0.029500 ms MarkObjects: 1.072600 ms  DeleteObjects: 0.058100 ms)

AssetImportWorkerClient::OnTransportError - code=2 error=End of file
