Using pre-set license
Built from '2020.3/staging' branch; Version is '2020.3.5f1 (8095aa901b9b) revision 8426922'; Using compiler version '192528614'; Build Type 'Release'
OS: 'Windows 10 Home; OS build 19041.928; Version 2004; 64bit' Language: 'en' Physical Memory: 16309 MB
BatchMode: 1, IsHumanControllingUs: 0, StartBugReporterOnCrash: 0, Is64bit: 1, IsPro: 0

 COMMAND LINE ARGUMENTS:
C:\Program Files\Unity\Hub\Editor\2020.3.5f1\Editor\Unity.exe
-adb2
-batchMode
-noUpm
-name
AssetImportWorker0
-projectPath
C:/Users/mikew/Documents/GitHub/4610MazeProject/Maze Game
-logFile
Logs/AssetImportWorker0.log
-srvPort
51876
Successfully changed project path to: C:/Users/mikew/Documents/GitHub/4610MazeProject/Maze Game
C:/Users/mikew/Documents/GitHub/4610MazeProject/Maze Game
Using Asset Import Pipeline V2.
Refreshing native plugins compatible for Editor in 53.20 ms, found 0 plugins.
Preloading 0 native plugins for Editor in 0.00 ms.
Initialize engine version: 2020.3.5f1 (8095aa901b9b)
[Subsystems] Discovering subsystems at path C:/Program Files/Unity/Hub/Editor/2020.3.5f1/Editor/Data/Resources/UnitySubsystems
[Subsystems] Discovering subsystems at path C:/Users/mikew/Documents/GitHub/4610MazeProject/Maze Game/Assets
GfxDevice: creating device client; threaded=0
Direct3D:
    Version:  Direct3D 11.0 [level 11.1]
    Renderer: NVIDIA GeForce RTX 3060 Ti (ID=0x2486)
    Vendor:   
    VRAM:     8050 MB
    Driver:   27.21.14.6627
Initialize mono
Mono path[0] = 'C:/Program Files/Unity/Hub/Editor/2020.3.5f1/Editor/Data/Managed'
Mono path[1] = 'C:/Program Files/Unity/Hub/Editor/2020.3.5f1/Editor/Data/MonoBleedingEdge/lib/mono/unityjit'
Mono config path = 'C:/Program Files/Unity/Hub/Editor/2020.3.5f1/Editor/Data/MonoBleedingEdge/etc'
Using monoOptions --debugger-agent=transport=dt_socket,embedding=1,server=y,suspend=n,address=127.0.0.1:56112
Begin MonoManager ReloadAssembly
Registering precompiled unity dll's ...
Register platform support module: C:/Program Files/Unity/Hub/Editor/2020.3.5f1/Editor/Data/PlaybackEngines/WindowsStandaloneSupport/UnityEditor.WindowsStandalone.Extensions.dll
Registered in 0.003594 seconds.
Native extension for WindowsStandalone target not found
Refreshing native plugins compatible for Editor in 41.46 ms, found 0 plugins.
Preloading 0 native plugins for Editor in 0.00 ms.
Unable to find bridge dll in registry for Microsoft Visual Studio Tools for Unity for C:\Program Files (x86)\Microsoft Visual Studio\2019\Community\Common7\IDE\devenv.exe
Mono: successfully reloaded assembly
- Completed reload, in  1.651 seconds
Platform modules already initialized, skipping
Registering precompiled user dll's ...
Registered in 0.000902 seconds.
Begin MonoManager ReloadAssembly
Native extension for WindowsStandalone target not found
Refreshing native plugins compatible for Editor in 0.33 ms, found 0 plugins.
Preloading 0 native plugins for Editor in 0.00 ms.
Mono: successfully reloaded assembly
- Completed reload, in  1.469 seconds
Platform modules already initialized, skipping
========================================================================
Worker process is ready to serve import requests
Launched and connected shader compiler UnityShaderCompiler.exe after 0.07 seconds
Refreshing native plugins compatible for Editor in 0.35 ms, found 0 plugins.
Preloading 0 native plugins for Editor in 0.00 ms.
Unloading 1120 Unused Serialized files (Serialized files now loaded: 0)
System memory in use before: 79.9 MB.
System memory in use after: 80.0 MB.

Unloading 9 unused Assets to reduce memory usage. Loaded Objects now: 1602.
Total: 2.771200 ms (FindLiveObjects: 0.270300 ms CreateObjectMapping: 0.069400 ms MarkObjects: 2.259500 ms  DeleteObjects: 0.170400 ms)

========================================================================
Received Import Request.
  path: Assets/Scripts/GameVariables.cs
  artifactKey: Guid(6c0c3c2f30d7388468752b000b872dbf) Importer(815301076,1909f56bfc062723c751e8b465ee728b)
Start importing Assets/Scripts/GameVariables.cs using Guid(6c0c3c2f30d7388468752b000b872dbf) Importer(815301076,1909f56bfc062723c751e8b465ee728b)  -> (artifact id: 'be2eebff045f73e3d709d7feee1bc620') in 0.040220 seconds
  Import took 0.043137 seconds .

========================================================================
Received Prepare
Registering precompiled user dll's ...
Registered in 0.001376 seconds.
Begin MonoManager ReloadAssembly
Native extension for WindowsStandalone target not found
Refreshing native plugins compatible for Editor in 0.30 ms, found 0 plugins.
Preloading 0 native plugins for Editor in 0.00 ms.
Mono: successfully reloaded assembly
- Completed reload, in  1.440 seconds
Platform modules already initialized, skipping
Refreshing native plugins compatible for Editor in 0.27 ms, found 0 plugins.
Preloading 0 native plugins for Editor in 0.00 ms.
Unloading 1115 Unused Serialized files (Serialized files now loaded: 0)
System memory in use before: 79.9 MB.
System memory in use after: 79.9 MB.

Unloading 5 unused Assets to reduce memory usage. Loaded Objects now: 1605.
Total: 2.319800 ms (FindLiveObjects: 0.205900 ms CreateObjectMapping: 0.045600 ms MarkObjects: 1.960600 ms  DeleteObjects: 0.106400 ms)

========================================================================
Received Import Request.
  Time since last request: 40.026427 seconds.
  path: Assets/Scripts/GameVariables.cs
  artifactKey: Guid(6c0c3c2f30d7388468752b000b872dbf) Importer(815301076,1909f56bfc062723c751e8b465ee728b)
Start importing Assets/Scripts/GameVariables.cs using Guid(6c0c3c2f30d7388468752b000b872dbf) Importer(815301076,1909f56bfc062723c751e8b465ee728b)  -> (artifact id: '9927a141b006b4af8f07a924b0e2b661') in 0.005643 seconds
  Import took 0.008442 seconds .

========================================================================
Received Import Request.
  Time since last request: 0.172911 seconds.
  path: Assets/Scripts/GameVariables.cs
  artifactKey: Guid(6c0c3c2f30d7388468752b000b872dbf) Importer(815301076,1909f56bfc062723c751e8b465ee728b)
Start importing Assets/Scripts/GameVariables.cs using Guid(6c0c3c2f30d7388468752b000b872dbf) Importer(815301076,1909f56bfc062723c751e8b465ee728b)  -> (artifact id: '9927a141b006b4af8f07a924b0e2b661') in 0.003935 seconds
  Import took 0.006695 seconds .

========================================================================
Received Import Request.
  Time since last request: 3.624918 seconds.
  path: Assets/Scripts/MazeArray.cs
  artifactKey: Guid(73b53b9a9805c6440928dabaef33e117) Importer(815301076,1909f56bfc062723c751e8b465ee728b)
Start importing Assets/Scripts/MazeArray.cs using Guid(73b53b9a9805c6440928dabaef33e117) Importer(815301076,1909f56bfc062723c751e8b465ee728b)  -> (artifact id: '902b1ffd9653d41c30ab8ca0d2cb66e7') in 0.024964 seconds
  Import took 0.028295 seconds .

========================================================================
Received Prepare
Registering precompiled user dll's ...
Registered in 0.001337 seconds.
Begin MonoManager ReloadAssembly
Native extension for WindowsStandalone target not found
Refreshing native plugins compatible for Editor in 0.43 ms, found 0 plugins.
Preloading 0 native plugins for Editor in 0.00 ms.
Mono: successfully reloaded assembly
- Completed reload, in  1.398 seconds
Platform modules already initialized, skipping
Refreshing native plugins compatible for Editor in 0.33 ms, found 0 plugins.
Preloading 0 native plugins for Editor in 0.00 ms.
Unloading 1115 Unused Serialized files (Serialized files now loaded: 0)
System memory in use before: 79.9 MB.
System memory in use after: 80.0 MB.

Unloading 5 unused Assets to reduce memory usage. Loaded Objects now: 1608.
Total: 2.248600 ms (FindLiveObjects: 0.183700 ms CreateObjectMapping: 0.044900 ms MarkObjects: 1.920300 ms  DeleteObjects: 0.098400 ms)

========================================================================
Received Import Request.
  Time since last request: 19.941126 seconds.
  path: Assets/Scripts/MazeArray.cs
  artifactKey: Guid(73b53b9a9805c6440928dabaef33e117) Importer(815301076,1909f56bfc062723c751e8b465ee728b)
Start importing Assets/Scripts/MazeArray.cs using Guid(73b53b9a9805c6440928dabaef33e117) Importer(815301076,1909f56bfc062723c751e8b465ee728b)  -> (artifact id: 'e57fe8fca08f3cf2443b0b626fd0f7f8') in 0.006149 seconds
  Import took 0.009257 seconds .

========================================================================
Received Prepare
Registering precompiled user dll's ...
Registered in 0.001710 seconds.
Begin MonoManager ReloadAssembly
Native extension for WindowsStandalone target not found
Refreshing native plugins compatible for Editor in 0.30 ms, found 0 plugins.
Preloading 0 native plugins for Editor in 0.00 ms.
Mono: successfully reloaded assembly
- Completed reload, in  1.227 seconds
Platform modules already initialized, skipping
Refreshing native plugins compatible for Editor in 0.30 ms, found 0 plugins.
Preloading 0 native plugins for Editor in 0.00 ms.
Unloading 1115 Unused Serialized files (Serialized files now loaded: 0)
System memory in use before: 79.9 MB.
System memory in use after: 80.0 MB.

Unloading 5 unused Assets to reduce memory usage. Loaded Objects now: 1611.
Total: 3.908800 ms (FindLiveObjects: 0.260800 ms CreateObjectMapping: 0.066700 ms MarkObjects: 3.440500 ms  DeleteObjects: 0.139400 ms)

AssetImportWorkerClient::OnTransportError - code=2 error=End of file
